0 info it worked if it ends with ok
1 verbose cli [ '/usr/bin/node', '/usr/bin/npm', 'install', '-g', 'http-serve' ]
2 info using npm@1.4.28
3 info using node@v0.10.33
4 verbose node symlink /usr/bin/node
5 verbose cache add [ 'http-serve', null ]
6 verbose cache add name=undefined spec="http-serve" args=["http-serve",null]
7 verbose parsed url { protocol: null,
7 verbose parsed url   slashes: null,
7 verbose parsed url   auth: null,
7 verbose parsed url   host: null,
7 verbose parsed url   port: null,
7 verbose parsed url   hostname: null,
7 verbose parsed url   hash: null,
7 verbose parsed url   search: null,
7 verbose parsed url   query: null,
7 verbose parsed url   pathname: 'http-serve',
7 verbose parsed url   path: 'http-serve',
7 verbose parsed url   href: 'http-serve' }
8 silly lockFile 6ff21a54-http-serve http-serve
9 verbose lock http-serve /home/fran/.npm/6ff21a54-http-serve.lock
10 silly lockFile 6ff21a54-http-serve http-serve
11 silly lockFile 6ff21a54-http-serve http-serve
12 verbose addNamed [ 'http-serve', '' ]
13 verbose addNamed [ null, '*' ]
14 silly lockFile 94472ce7-http-serve http-serve@
15 verbose lock http-serve@ /home/fran/.npm/94472ce7-http-serve.lock
16 silly addNameRange { name: 'http-serve', range: '*', hasData: false }
17 verbose request where is /http-serve
18 verbose request registry https://registry.npmjs.org/
19 verbose request id eb5dbce0c2e0ce57
20 verbose url raw /http-serve
21 verbose url resolving [ 'https://registry.npmjs.org/', './http-serve' ]
22 verbose url resolved https://registry.npmjs.org/http-serve
23 verbose request where is https://registry.npmjs.org/http-serve
24 info trying registry request attempt 1 at 10:15:00
25 http GET https://registry.npmjs.org/http-serve
26 http 404 https://registry.npmjs.org/http-serve
27 verbose headers { date: 'Mon, 10 Nov 2014 13:15:02 GMT',
27 verbose headers   server: 'CouchDB/1.5.0 (Erlang OTP/R16B03)',
27 verbose headers   'content-type': 'application/json',
27 verbose headers   'cache-control': 'max-age=0',
27 verbose headers   'content-length': '52',
27 verbose headers   'accept-ranges': 'bytes',
27 verbose headers   via: '1.1 varnish',
27 verbose headers   age: '0',
27 verbose headers   'x-served-by': 'cache-jfk1028-JFK',
27 verbose headers   'x-cache': 'MISS',
27 verbose headers   'x-cache-hits': '0',
27 verbose headers   'x-timer': 'S1415625302.220607,VS0,VE352',
27 verbose headers   'keep-alive': 'timeout=10, max=50',
27 verbose headers   connection: 'Keep-Alive' }
28 silly registry.get cb [ 404,
28 silly registry.get   { date: 'Mon, 10 Nov 2014 13:15:02 GMT',
28 silly registry.get     server: 'CouchDB/1.5.0 (Erlang OTP/R16B03)',
28 silly registry.get     'content-type': 'application/json',
28 silly registry.get     'cache-control': 'max-age=0',
28 silly registry.get     'content-length': '52',
28 silly registry.get     'accept-ranges': 'bytes',
28 silly registry.get     via: '1.1 varnish',
28 silly registry.get     age: '0',
28 silly registry.get     'x-served-by': 'cache-jfk1028-JFK',
28 silly registry.get     'x-cache': 'MISS',
28 silly registry.get     'x-cache-hits': '0',
28 silly registry.get     'x-timer': 'S1415625302.220607,VS0,VE352',
28 silly registry.get     'keep-alive': 'timeout=10, max=50',
28 silly registry.get     connection: 'Keep-Alive' } ]
29 silly lockFile 94472ce7-http-serve http-serve@
30 silly lockFile 94472ce7-http-serve http-serve@
31 error 404 404 Not Found: http-serve
31 error 404
31 error 404 'http-serve' is not in the npm registry.
31 error 404 You should bug the author to publish it
31 error 404
31 error 404 Note that you can also install from a
31 error 404 tarball, folder, or http url, or git url.
32 error System Linux 3.16.0-24-generic
33 error command "/usr/bin/node" "/usr/bin/npm" "install" "-g" "http-serve"
34 error cwd /home/fran/Documentos/Bootcamp/startup
35 error node -v v0.10.33
36 error npm -v 1.4.28
37 error code E404
38 verbose exit [ 1, true ]
