0 info it worked if it ends with ok
1 verbose cli [ '/usr/bin/node', '/usr/bin/npm', 'install', '-g' ]
2 info using npm@1.4.28
3 info using node@v0.10.33
4 verbose node symlink /usr/bin/node
5 verbose cache add [ '.', null ]
6 verbose cache add name=undefined spec="." args=[".",null]
7 verbose parsed url { protocol: null,
7 verbose parsed url   slashes: null,
7 verbose parsed url   auth: null,
7 verbose parsed url   host: null,
7 verbose parsed url   port: null,
7 verbose parsed url   hostname: null,
7 verbose parsed url   hash: null,
7 verbose parsed url   search: null,
7 verbose parsed url   query: null,
7 verbose parsed url   pathname: '.',
7 verbose parsed url   path: '.',
7 verbose parsed url   href: '.' }
8 silly lockFile 3a52ce78- .
9 verbose lock . /home/fran/.npm/3a52ce78-.lock
10 verbose tar pack [ '/home/fran/.npm/BootcampApiServer/0.0.1/package.tgz', '.' ]
11 verbose tarball /home/fran/.npm/BootcampApiServer/0.0.1/package.tgz
12 verbose folder .
13 info prepublish BootcampApiServer@0.0.1
14 silly lockFile 1f1177db-tar tar://.
15 verbose lock tar://. /home/fran/.npm/1f1177db-tar.lock
16 silly lockFile 157ecf16-tcampApiServer-0-0-1-package-tgz tar:///home/fran/.npm/BootcampApiServer/0.0.1/package.tgz
17 verbose lock tar:///home/fran/.npm/BootcampApiServer/0.0.1/package.tgz /home/fran/.npm/157ecf16-tcampApiServer-0-0-1-package-tgz.lock
18 silly lockFile 1f1177db-tar tar://.
19 silly lockFile 1f1177db-tar tar://.
20 silly lockFile 157ecf16-tcampApiServer-0-0-1-package-tgz tar:///home/fran/.npm/BootcampApiServer/0.0.1/package.tgz
21 silly lockFile 157ecf16-tcampApiServer-0-0-1-package-tgz tar:///home/fran/.npm/BootcampApiServer/0.0.1/package.tgz
22 silly lockFile 4a4acba6--BootcampApiServer-0-0-1-package /home/fran/.npm/BootcampApiServer/0.0.1/package
23 verbose lock /home/fran/.npm/BootcampApiServer/0.0.1/package /home/fran/.npm/4a4acba6--BootcampApiServer-0-0-1-package.lock
24 silly lockFile 4a4acba6--BootcampApiServer-0-0-1-package /home/fran/.npm/BootcampApiServer/0.0.1/package
25 silly lockFile 4a4acba6--BootcampApiServer-0-0-1-package /home/fran/.npm/BootcampApiServer/0.0.1/package
26 silly lockFile 3a52ce78- .
27 silly lockFile 3a52ce78- .
28 silly resolved [ { name: 'BootcampApiServer',
28 silly resolved     version: '0.0.1',
28 silly resolved     private: true,
28 silly resolved     scripts: { start: 'node app' },
28 silly resolved     dependencies: { express: '3.0.6', twit: '^1.1.18' },
28 silly resolved     devDependencies: {},
28 silly resolved     readme: 'ERROR: No README data found!',
28 silly resolved     _id: 'BootcampApiServer@0.0.1',
28 silly resolved     _shasum: '4e6980034b96d5842deb5821b54042c003aa28c0',
28 silly resolved     _from: '.' } ]
29 info install BootcampApiServer@0.0.1 into /usr/lib
30 info installOne BootcampApiServer@0.0.1
31 verbose lib/node_modules/BootcampApiServer unbuild
32 verbose tar unpack /home/fran/.npm/BootcampApiServer/0.0.1/package.tgz
33 silly lockFile 087067f2-b-node-modules-BootcampApiServer tar:///usr/lib/node_modules/BootcampApiServer
34 verbose lock tar:///usr/lib/node_modules/BootcampApiServer /home/fran/.npm/087067f2-b-node-modules-BootcampApiServer.lock
35 silly lockFile 157ecf16-tcampApiServer-0-0-1-package-tgz tar:///home/fran/.npm/BootcampApiServer/0.0.1/package.tgz
36 verbose lock tar:///home/fran/.npm/BootcampApiServer/0.0.1/package.tgz /home/fran/.npm/157ecf16-tcampApiServer-0-0-1-package-tgz.lock
37 silly gunzTarPerm modes [ '775', '664' ]
38 error Error: EACCES, mkdir '/usr/lib/node_modules/BootcampApiServer'
38 error  { [Error: EACCES, mkdir '/usr/lib/node_modules/BootcampApiServer']
38 error   errno: 3,
38 error   code: 'EACCES',
38 error   path: '/usr/lib/node_modules/BootcampApiServer',
38 error   fstream_type: 'Directory',
38 error   fstream_path: '/usr/lib/node_modules/BootcampApiServer',
38 error   fstream_class: 'DirWriter',
38 error   fstream_stack:
38 error    [ '/usr/lib/node_modules/npm/node_modules/fstream/lib/dir-writer.js:36:23',
38 error      '/usr/lib/node_modules/npm/node_modules/mkdirp/index.js:46:53',
38 error      'Object.oncomplete (fs.js:107:15)' ] }
39 error Please try running this command again as root/Administrator.
40 error System Linux 3.16.0-24-generic
41 error command "/usr/bin/node" "/usr/bin/npm" "install" "-g"
42 error cwd /home/fran/Documentos/Bootcamp/startup/server
43 error node -v v0.10.33
44 error npm -v 1.4.28
45 error path /usr/lib/node_modules/BootcampApiServer
46 error fstream_path /usr/lib/node_modules/BootcampApiServer
47 error fstream_type Directory
48 error fstream_class DirWriter
49 error code EACCES
50 error errno 3
51 error stack Error: EACCES, mkdir '/usr/lib/node_modules/BootcampApiServer'
52 error fstream_stack /usr/lib/node_modules/npm/node_modules/fstream/lib/dir-writer.js:36:23
52 error fstream_stack /usr/lib/node_modules/npm/node_modules/mkdirp/index.js:46:53
52 error fstream_stack Object.oncomplete (fs.js:107:15)
53 verbose exit [ 3, true ]
